2021-06-01T13:57:35+00:00 CRITICAL Uncaught TypeError: call_user_func(): Argument #1 ($function) must be a valid callback, non-static method Astra_Builder_Header::header_woo_cart() cannot be called statically in C:\xampp\htdocs\wordpress\wp-includes\customize\class-wp-customize-partial.php:221
Stack trace:
#0 C:\xampp\htdocs\wordpress\wp-includes\customize\class-wp-customize-selective-refresh.php(371): WP_Customize_Partial->render(Array)
#1 C:\xampp\htdocs\wordpress\wp-includes\class-wp-hook.php(292): WP_Customize_Selective_Refresh->handle_render_partials_request('')
#2 C:\xampp\htdocs\wordpress\wp-includes\class-wp-hook.php(316): WP_Hook->apply_filters(NULL, Array)
#3 C:\xampp\htdocs\wordpress\wp-includes\plugin.php(484): WP_Hook->do_action(Array)
#4 C:\xampp\htdocs\wordpress\wp-includes\template-loader.php(13): do_action('template_redire...')
#5 C:\xampp\htdocs\wordpress\wp-blog-header.php(19): require_once('C:\\xampp\\htdocs...')
#6 C:\xampp\htdocs\wordpress\index.php(17): require('C:\\xampp\\htdocs...')
#7 {main}
  thrown dans C:\xampp\htdocs\wordpress\wp-includes\customize\class-wp-customize-partial.php à la ligne 221

2021-06-01T13:57:36+00:00 CRITICAL Uncaught TypeError: call_user_func(): Argument #1 ($function) must be a valid callback, non-static method Astra_Builder_Header::header_woo_cart() cannot be called statically in C:\xampp\htdocs\wordpress\wp-includes\customize\class-wp-customize-partial.php:221
Stack trace:
#0 C:\xampp\htdocs\wordpress\wp-includes\customize\class-wp-customize-selective-refresh.php(371): WP_Customize_Partial->render(Array)
#1 C:\xampp\htdocs\wordpress\wp-includes\class-wp-hook.php(292): WP_Customize_Selective_Refresh->handle_render_partials_request('')
#2 C:\xampp\htdocs\wordpress\wp-includes\class-wp-hook.php(316): WP_Hook->apply_filters(NULL, Array)
#3 C:\xampp\htdocs\wordpress\wp-includes\plugin.php(484): WP_Hook->do_action(Array)
#4 C:\xampp\htdocs\wordpress\wp-includes\template-loader.php(13): do_action('template_redire...')
#5 C:\xampp\htdocs\wordpress\wp-blog-header.php(19): require_once('C:\\xampp\\htdocs...')
#6 C:\xampp\htdocs\wordpress\index.php(17): require('C:\\xampp\\htdocs...')
#7 {main}
  thrown dans C:\xampp\htdocs\wordpress\wp-includes\customize\class-wp-customize-partial.php à la ligne 221

